Mar-20 14:32:15.956 [main] DEBUG nextflow.cli.Launcher - $> nextflow run main.nf --sra_id SRP161855 --geo_series GSE120011 -with-singularity -resume
Mar-20 14:32:16.241 [main] INFO  nextflow.cli.CmdRun - N E X T F L O W  ~  version 23.10.0
Mar-20 14:32:16.270 [main] DEBUG nextflow.plugin.PluginsFacade - Setting up plugin manager > mode=prod; embedded=false; plugins-dir=/home/cwo11/.nextflow/plugins; core-plugins: nf-amazon@2.1.4,nf-azure@1.3.2,nf-cloudcache@0.3.0,nf-codecommit@0.1.5,nf-console@1.0.6,nf-ga4gh@1.1.0,nf-google@1.8.3,nf-tower@1.6.3,nf-wave@1.0.0
Mar-20 14:32:16.304 [main] INFO  o.pf4j.DefaultPluginStatusProvider - Enabled plugins: []
Mar-20 14:32:16.306 [main] INFO  o.pf4j.DefaultPluginStatusProvider - Disabled plugins: []
Mar-20 14:32:16.308 [main] INFO  org.pf4j.DefaultPluginManager - PF4J version 3.4.1 in 'deployment' mode
Mar-20 14:32:16.334 [main] INFO  org.pf4j.AbstractPluginManager - No plugins
Mar-20 14:32:16.366 [main] DEBUG nextflow.config.ConfigBuilder - Found config local: /active/sarthy_j/Sarthy/Sarthy_Lab/People/cwo11/Project/nf-hackathon/fetchngs_metadata/nextflow.config
Mar-20 14:32:16.370 [main] DEBUG nextflow.config.ConfigBuilder - Parsing config file: /active/sarthy_j/Sarthy/Sarthy_Lab/People/cwo11/Project/nf-hackathon/fetchngs_metadata/nextflow.config
Mar-20 14:32:16.394 [main] DEBUG nextflow.config.ConfigBuilder - Applying config profile: `standard`
Mar-20 14:32:17.017 [main] DEBUG nextflow.config.ConfigBuilder - Enabling execution in Singularity container as requested by command-line option `-with-singularity null`
Mar-20 14:32:17.038 [main] DEBUG nextflow.cli.CmdRun - Applied DSL=2 by global default
Mar-20 14:32:17.057 [main] INFO  nextflow.cli.CmdRun - Launching `main.nf` [crazy_snyder] DSL2 - revision: 404261566d
Mar-20 14:32:17.057 [main] DEBUG nextflow.plugin.PluginsFacade - Plugins default=[]
Mar-20 14:32:17.057 [main] DEBUG nextflow.plugin.PluginsFacade - Plugins resolved requirement=[]
Mar-20 14:32:17.074 [main] DEBUG n.secret.LocalSecretsProvider - Secrets store: /home/cwo11/.nextflow/secrets/store.json
Mar-20 14:32:17.080 [main] DEBUG nextflow.secret.SecretsLoader - Discovered secrets providers: [nextflow.secret.LocalSecretsProvider@2e645fbd] - activable => nextflow.secret.LocalSecretsProvider@2e645fbd
Mar-20 14:32:17.135 [main] DEBUG nextflow.Session - Session UUID: 5c9f8292-c60d-452b-a491-4b8bd4cb8be3
Mar-20 14:32:17.136 [main] DEBUG nextflow.Session - Run name: crazy_snyder
Mar-20 14:32:17.136 [main] DEBUG nextflow.Session - Executor pool size: 2
Mar-20 14:32:17.143 [main] DEBUG nextflow.file.FilePorter - File porter settings maxRetries=3; maxTransfers=50; pollTimeout=null
Mar-20 14:32:17.176 [main] DEBUG nextflow.cli.CmdRun - 
  Version: 23.10.0 build 5889
  Created: 15-10-2023 15:07 UTC (08:07 PDT)
  System: Linux 3.10.0-1160.62.1.el7.x86_64
  Runtime: Groovy 3.0.19 on OpenJDK 64-Bit Server VM 21-internal-adhoc.conda.src
  Encoding: UTF-8 (UTF-8)
  Process: 16138@pplhpc1cn020.childrens.sea.kids [172.31.192.70]
  CPUs: 2 - Mem: 16 GB (15.8 GB) - Swap: 4 GB (4 GB) - Virtual threads ON
Mar-20 14:32:17.248 [main] DEBUG nextflow.Session - Work-dir: /active/sarthy_j/Sarthy/Sarthy_Lab/People/cwo11/Project/nf-hackathon/fetchngs_metadata/work [nfs]
Mar-20 14:32:17.249 [main] DEBUG nextflow.Session - Script base path does not exist or is not a directory: /active/sarthy_j/Sarthy/Sarthy_Lab/People/cwo11/Project/nf-hackathon/fetchngs_metadata/bin
Mar-20 14:32:17.260 [main] DEBUG nextflow.executor.ExecutorFactory - Extension executors providers=[]
Mar-20 14:32:17.273 [main] DEBUG nextflow.Session - Observer factory: DefaultObserverFactory
Mar-20 14:32:17.311 [main] DEBUG nextflow.cache.CacheFactory - Using Nextflow cache factory: nextflow.cache.DefaultCacheFactory
Mar-20 14:32:17.322 [main] DEBUG nextflow.util.CustomPoolFactory - Creating virtual thread pool
Mar-20 14:32:17.605 [main] DEBUG nextflow.Session - Session start
Mar-20 14:32:18.041 [main] DEBUG nextflow.script.ScriptRunner - > Launching execution
Mar-20 14:32:18.059 [main] INFO  nextflow.Nextflow -   Fetching SRA mata data using esearch containier (docker)
  ================================================
  SRA accession number: SRP161855
  GEO accession number: GSE120011

Mar-20 14:32:18.199 [main] DEBUG nextflow.script.ProcessConfig - Config settings `withName:GEO_SERIES_MATRIX` matches process GEO_SERIES_MATRIX
Mar-20 14:32:18.211 [main] DEBUG nextflow.executor.ExecutorFactory - << taskConfig executor: null
Mar-20 14:32:18.211 [main] DEBUG nextflow.executor.ExecutorFactory - >> processorType: 'local'
Mar-20 14:32:18.216 [main] DEBUG nextflow.executor.Executor - [warm up] executor > local
Mar-20 14:32:18.223 [main] DEBUG n.processor.LocalPollingMonitor - Creating local task monitor for executor 'local' > cpus=2; memory=16 GB; capacity=2; pollInterval=100ms; dumpInterval=5m
Mar-20 14:32:18.226 [main] DEBUG n.processor.TaskPollingMonitor - >>> barrier register (monitor: local)
Mar-20 14:32:18.350 [main] DEBUG nextflow.script.ProcessConfig - Config settings `withName:EDIRECT` matches process EDIRECT
Mar-20 14:32:18.350 [main] DEBUG nextflow.executor.ExecutorFactory - << taskConfig executor: null
Mar-20 14:32:18.350 [main] DEBUG nextflow.executor.ExecutorFactory - >> processorType: 'local'
Mar-20 14:32:18.371 [main] DEBUG nextflow.Session - Workflow process names [dsl2]: JOIN_SPR_GEO, EDIRECT, GEO_SERIES_MATRIX
Mar-20 14:32:18.372 [main] DEBUG nextflow.Session - Igniting dataflow network (4)
Mar-20 14:32:18.372 [main] DEBUG nextflow.processor.TaskProcessor - Starting process > GEO_SERIES_MATRIX
Mar-20 14:32:18.377 [main] DEBUG nextflow.processor.TaskProcessor - Starting process > EDIRECT
Mar-20 14:32:18.385 [main] DEBUG nextflow.script.ScriptRunner - Parsed script files:
  Script_94caa7eb45794838: /active/sarthy_j/Sarthy/Sarthy_Lab/People/cwo11/Project/nf-hackathon/fetchngs_metadata/main.nf
Mar-20 14:32:18.386 [main] DEBUG nextflow.script.ScriptRunner - > Awaiting termination 
Mar-20 14:32:18.386 [main] DEBUG nextflow.Session - Session await
Mar-20 14:32:18.507 [Actor Thread 11] DEBUG nextflow.container.SingularityCache - Singularity found local store for image=docker://ncbi/edirect:latest; path=/active/sarthy_j/Sarthy/Sarthy_Lab/People/cwo11/Project/nf-hackathon/fetchngs_metadata/work/singularity/ncbi-edirect-latest.img
Mar-20 14:32:18.659 [Task submitter] DEBUG n.executor.local.LocalTaskHandler - Launch cmd line: /bin/bash -ue .command.run
Mar-20 14:32:18.669 [Task submitter] INFO  nextflow.Session - [bf/ea7783] Submitted process > EDIRECT (1)
Mar-20 14:32:18.696 [Actor Thread 7] INFO  nextflow.processor.TaskProcessor - [46/886287] Cached process > GEO_SERIES_MATRIX (1)
Mar-20 14:32:22.043 [Task monitor] DEBUG n.processor.TaskPollingMonitor - Task completed > TaskHandler[id: 2; name: EDIRECT (1); status: COMPLETED; exit: 0; error: -; workDir: /active/sarthy_j/Sarthy/Sarthy_Lab/People/cwo11/Project/nf-hackathon/fetchngs_metadata/work/bf/ea77838cf2b9b83886b4b8f197be2b]
Mar-20 14:32:22.087 [main] DEBUG nextflow.Session - Session await > all processes finished
Mar-20 14:32:22.140 [Task monitor] DEBUG n.processor.TaskPollingMonitor - <<< barrier arrives (monitor: local) - terminating tasks monitor poll loop
Mar-20 14:32:22.140 [main] DEBUG nextflow.Session - Session await > all barriers passed
Mar-20 14:32:22.189 [main] DEBUG nextflow.util.ThreadPoolManager - Thread pool 'PublishDir' shutdown completed (hard=false)
Mar-20 14:32:22.212 [main] DEBUG n.trace.WorkflowStatsObserver - Workflow completed > WorkflowStats[succeededCount=1; failedCount=0; ignoredCount=0; cachedCount=1; pendingCount=0; submittedCount=0; runningCount=0; retriesCount=0; abortedCount=0; succeedDuration=3.3s; failedDuration=0ms; cachedDuration=989ms;loadCpus=0; loadMemory=0; peakRunning=1; peakCpus=1; peakMemory=0; ]
Mar-20 14:32:22.355 [main] DEBUG nextflow.cache.CacheDB - Closing CacheDB done
Mar-20 14:32:22.393 [main] DEBUG nextflow.util.ThreadPoolManager - Thread pool 'FileTransfer' shutdown completed (hard=false)
Mar-20 14:32:22.393 [main] DEBUG nextflow.script.ScriptRunner - > Execution complete -- Goodbye
